{"logLevel":"debug","message":"multithreading is set to false"}
{"logLevel":"debug","message":"Using reflection to scan dependencies for gauge implementations..."}
SLF4J: No SLF4J providers were found.
SLF4J: Defaulting to no-operation (NOP) logger implementation
SLF4J: See https://www.slf4j.org/codes.html#noProviders for further details.
{"logLevel":"debug","message":"gauge-java took 302milliseconds to load and scan. This should be less than 'runner_connection_timeout' config value."}
{"logLevel":"debug","message":"run 'gauge config runner_connection_timeout' and verify that it is < 302"}
{"logLevel":"debug","message":"starting gRPC server..."}
{"logLevel":"debug","message":"started gRPC server on port 51257"}
{"logLevel":"info","message":"Listening on port:51257"}
{"logLevel":"debug","message":"Scanning packages for steps"}
{"logLevel":"debug","message":"Comparing 'StepImplementation.Opentheproductsearchpage' and 'StepImplementation.Opentheproductsearchpage'"}
{"logLevel":"debug","message":"Found Open the product search page in current project scope."}
{"logLevel":"debug","message":"Comparing 'com.example.gauge_exmpl.StepImplementation.implementation1' and 'com.example.gauge_exmpl.StepImplementation.implementation1'"}
{"logLevel":"debug","message":"Found Go to Googles home page in current project scope."}
{"logLevel":"debug","message":"Scanning packages for hooks"}
{"logLevel":"debug","message":"Scanned steps (using static parsing + reflections): "}
{"logLevel":"debug","message":"\tOpen the product search page : public void Opentheproductsearchpage()"}
{"logLevel":"debug","message":"\tGo to Googles home page : public void implementation1()"}
{"logLevel":"debug","message":"Executing 'Open the product search page' using 'class StepImplementation.Opentheproductsearchpage"}
Starting ChromeDriver 114.0.5735.90 (386bc09e8f4f2e025eddae123f36f6263096ae49-refs/branch-heads/5735@{#1052}) on port 19282
Only local connections are allowed.
Please see https://chromedriver.chromium.org/security-considerations for suggestions on keeping ChromeDriver safe.
ChromeDriver was started successfully.
{"logLevel":"debug","message":"Killing Java runner..."}
{"logLevel":"debug","message":"Stopping execution pool..."}
{"logLevel":"debug","message":"Shutting down grpc server..."}
{"logLevel":"debug","message":"Runner killed gracefully."}
