{"logLevel":"debug","message":"multithreading is set to false"}
{"logLevel":"debug","message":"Using reflection to scan dependencies for gauge implementations..."}
SLF4J(W): No SLF4J providers were found.
SLF4J(W): Defaulting to no-operation (NOP) logger implementation
SLF4J(W): See https://www.slf4j.org/codes.html#noProviders for further details.
{"logLevel":"debug","message":"gauge-java took 310milliseconds to load and scan. This should be less than 'runner_connection_timeout' config value."}
{"logLevel":"debug","message":"run 'gauge config runner_connection_timeout' and verify that it is < 310"}
{"logLevel":"debug","message":"starting gRPC server..."}
{"logLevel":"debug","message":"started gRPC server on port 52489"}
{"logLevel":"info","message":"Listening on port:52489"}
{"logLevel":"debug","message":"Scanning packages for steps"}
{"logLevel":"debug","message":"Comparing 'StepImplementation.Opentheproductsearchpage' and 'StepImplementation.Opentheproductsearchpage'"}
{"logLevel":"debug","message":"Found Open the product search page in current project scope."}
{"logLevel":"debug","message":"Comparing 'com.example.gauge_exmpl.StepImplementation.implementation1' and 'com.example.gauge_exmpl.StepImplementation.implementation1'"}
{"logLevel":"debug","message":"Found Go to Googles home page in current project scope."}
{"logLevel":"debug","message":"Scanning packages for hooks"}
{"logLevel":"debug","message":"Scanned steps (using static parsing + reflections): "}
{"logLevel":"debug","message":"\tOpen the product search page : public void Opentheproductsearchpage()"}
{"logLevel":"debug","message":"\tGo to Googles home page : public void implementation1()"}
{"logLevel":"debug","message":"Executing 'Open the product search page' using 'class StepImplementation.Opentheproductsearchpage"}
Jul 10, 2024 3:28:14 PM org.openqa.selenium.devtools.CdpVersionFinder findNearestMatch
WARNING: Unable to find CDP implementation matching 126
Jul 10, 2024 3:28:14 PM org.openqa.selenium.chromium.ChromiumDriver lambda$new$5
WARNING: Unable to find version of CDP to use for 126.0.6478.127. You may need to include a dependency on a specific version of the CDP using something similar to `org.seleniumhq.selenium:selenium-devtools-v86:4.11.0` where the version ("v86") matches the version of the chromium-based browser you're using and the version number of the artifact is the same as Selenium's.
{"logLevel":"debug","message":"Killing Java runner..."}
{"logLevel":"debug","message":"Stopping execution pool..."}
{"logLevel":"debug","message":"Shutting down grpc server..."}
